2019-07-10 10:59:42.860  INFO 85669 --- [restartedMain] com.example.ms3.Ms3Application           : Starting Ms3Application on Anthonys-MacBook-Pro.local with PID 85669 (/Users/Anthony/IdeaProjects/ms3/target/classes started by Anthony in /Users/Anthony/IdeaProjects/ms3)
2019-07-10 10:59:42.867  INFO 85669 --- [restartedMain] com.example.ms3.Ms3Application           : No active profile set, falling back to default profiles: default
2019-07-10 10:59:43.378  INFO 85669 --- [restartedMain] .e.DevToolsPropertyDefaultsPostProcessor : Devtools property defaults active! Set 'spring.devtools.add-properties' to 'false' to disable
2019-07-10 10:59:43.378  INFO 85669 --- [restartedMain] .e.DevToolsPropertyDefaultsPostProcessor : For additional web related logging consider setting the 'logging.level.web' property to 'DEBUG'
2019-07-10 10:59:46.755  INFO 85669 --- [restartedMain] .s.d.r.c.RepositoryConfigurationDelegate : Bootstrapping Spring Data repositories in DEFAULT mode.
2019-07-10 10:59:47.134  INFO 85669 --- [restartedMain] .s.d.r.c.RepositoryConfigurationDelegate : Finished Spring Data repository scanning in 346ms. Found 1 repository interfaces.
2019-07-10 10:59:48.039  INFO 85669 --- [restartedMain] trationDelegate$BeanPostProcessorChecker : Bean 'org.springframework.transaction.annotation.ProxyTransactionManagementConfiguration' of type [org.springframework.transaction.annotation.ProxyTransactionManagementConfiguration$$EnhancerBySpringCGLIB$$a202cdea] is not eligible for getting processed by all BeanPostProcessors (for example: not eligible for auto-proxying)
2019-07-10 10:59:48.703  INFO 85669 --- [restartedMain] o.s.b.w.embedded.tomcat.TomcatWebServer  : Tomcat initialized with port(s): 8080 (http)
2019-07-10 10:59:48.748  INFO 85669 --- [restartedMain] o.apache.catalina.core.StandardService   : Starting service [Tomcat]
2019-07-10 10:59:48.749  INFO 85669 --- [restartedMain] org.apache.catalina.core.StandardEngine  : Starting Servlet engine: [Apache Tomcat/9.0.21]
2019-07-10 10:59:49.068  INFO 85669 --- [restartedMain] o.a.c.c.C.[Tomcat].[localhost].[/]       : Initializing Spring embedded WebApplicationContext
2019-07-10 10:59:49.069  INFO 85669 --- [restartedMain] o.s.web.context.ContextLoader            : Root WebApplicationContext: initialization completed in 5690 ms
2019-07-10 10:59:49.390  INFO 85669 --- [restartedMain] com.zaxxer.hikari.HikariDataSource       : HikariPool-1 - Starting...
2019-07-10 10:59:49.916  INFO 85669 --- [restartedMain] com.zaxxer.hikari.HikariDataSource       : HikariPool-1 - Start completed.
2019-07-10 10:59:50.163  INFO 85669 --- [restartedMain] o.hibernate.jpa.internal.util.LogHelper  : HHH000204: Processing PersistenceUnitInfo [
	name: default
	...]
2019-07-10 10:59:50.309  INFO 85669 --- [restartedMain] org.hibernate.Version                    : HHH000412: Hibernate Core {5.3.10.Final}
2019-07-10 10:59:50.312  INFO 85669 --- [restartedMain] org.hibernate.cfg.Environment            : HHH000206: hibernate.properties not found
2019-07-10 10:59:51.171  INFO 85669 --- [restartedMain] o.hibernate.annotations.common.Version   : HCANN000001: Hibernate Commons Annotations {5.0.4.Final}
2019-07-10 10:59:51.531  INFO 85669 --- [restartedMain] org.hibernate.dialect.Dialect            : HHH000400: Using dialect: org.hibernate.dialect.H2Dialect
2019-07-10 10:59:53.201  INFO 85669 --- [restartedMain] o.h.t.schema.internal.SchemaCreatorImpl  : HHH000476: Executing import script 'org.hibernate.tool.schema.internal.exec.ScriptSourceInputNonExistentImpl@156b263c'
2019-07-10 10:59:53.208  INFO 85669 --- [restartedMain] j.LocalContainerEntityManagerFactoryBean : Initialized JPA EntityManagerFactory for persistence unit 'default'
2019-07-10 10:59:53.294  INFO 85669 --- [restartedMain] o.s.b.d.a.OptionalLiveReloadServer       : LiveReload server is running on port 35729
2019-07-10 10:59:54.433  INFO 85669 --- [restartedMain] o.s.s.concurrent.ThreadPoolTaskExecutor  : Initializing ExecutorService 'applicationTaskExecutor'
2019-07-10 10:59:54.545  WARN 85669 --- [restartedMain] aWebConfiguration$JpaWebMvcConfiguration : spring.jpa.open-in-view is enabled by default. Therefore, database queries may be performed during view rendering. Explicitly configure spring.jpa.open-in-view to disable this warning
2019-07-10 10:59:54.751  INFO 85669 --- [restartedMain] o.s.b.a.w.s.WelcomePageHandlerMapping    : Adding welcome page template: index
2019-07-10 10:59:54.998  INFO 85669 --- [restartedMain] o.s.b.w.embedded.tomcat.TomcatWebServer  : Tomcat started on port(s): 8080 (http) with context path ''
2019-07-10 10:59:55.004  INFO 85669 --- [restartedMain] com.example.ms3.Ms3Application           : Started Ms3Application in 13.382 seconds (JVM running for 16.323)
2019-07-10 11:28:27.324  INFO 85669 --- [http-nio-8080-exec-1] o.a.c.c.C.[Tomcat].[localhost].[/]       : Initializing Spring DispatcherServlet 'dispatcherServlet'
2019-07-10 11:28:27.337  INFO 85669 --- [http-nio-8080-exec-1] o.s.web.servlet.DispatcherServlet        : Initializing Servlet 'dispatcherServlet'
2019-07-10 11:28:27.471  INFO 85669 --- [http-nio-8080-exec-1] o.s.web.servlet.DispatcherServlet        : Completed initialization in 133 ms
2019-07-10 11:31:02.919  INFO 85669 --- [http-nio-8080-exec-3] com.example.ms3.LoggingController        : Number of records successful 4869
2019-07-10 11:31:02.961  INFO 85669 --- [http-nio-8080-exec-3] com.example.ms3.LoggingController        : Number of Failed Records 1132
2019-07-10 11:31:02.962  INFO 85669 --- [http-nio-8080-exec-3] com.example.ms3.LoggingController        : Number of All Records 6002
2019-07-10 13:03:01.496  WARN 85669 --- [HikariPool-1 housekeeper] com.zaxxer.hikari.pool.HikariPool        : HikariPool-1 - Thread starvation or clock leap detected (housekeeper delta=3m10s234ms).
2019-07-10 13:03:51.845  WARN 85669 --- [HikariPool-1 housekeeper] com.zaxxer.hikari.pool.HikariPool        : HikariPool-1 - Thread starvation or clock leap detected (housekeeper delta=50s364ms).
2019-07-10 13:07:24.425  WARN 85669 --- [HikariPool-1 housekeeper] com.zaxxer.hikari.pool.HikariPool        : HikariPool-1 - Thread starvation or clock leap detected (housekeeper delta=3m32s581ms).
2019-07-10 13:08:16.480  WARN 85669 --- [HikariPool-1 housekeeper] com.zaxxer.hikari.pool.HikariPool        : HikariPool-1 - Thread starvation or clock leap detected (housekeeper delta=52s54ms).
2019-07-10 13:11:46.675  WARN 85669 --- [HikariPool-1 housekeeper] com.zaxxer.hikari.pool.HikariPool        : HikariPool-1 - Thread starvation or clock leap detected (housekeeper delta=3m30s18ms).
2019-07-10 13:16:06.455  WARN 85669 --- [HikariPool-1 housekeeper] com.zaxxer.hikari.pool.HikariPool        : HikariPool-1 - Thread starvation or clock leap detected (housekeeper delta=3m49s751ms).
2019-07-10 13:20:26.391  WARN 85669 --- [HikariPool-1 housekeeper] com.zaxxer.hikari.pool.HikariPool        : HikariPool-1 - Thread starvation or clock leap detected (housekeeper delta=3m49s923ms).
2019-07-10 13:21:17.409  WARN 85669 --- [HikariPool-1 housekeeper] com.zaxxer.hikari.pool.HikariPool        : HikariPool-1 - Thread starvation or clock leap detected (housekeeper delta=51s19ms).
2019-07-10 13:24:48.400  WARN 85669 --- [HikariPool-1 housekeeper] com.zaxxer.hikari.pool.HikariPool        : HikariPool-1 - Thread starvation or clock leap detected (housekeeper delta=3m30s991ms).
2019-07-10 13:29:08.433  WARN 85669 --- [HikariPool-1 housekeeper] com.zaxxer.hikari.pool.HikariPool        : HikariPool-1 - Thread starvation or clock leap detected (housekeeper delta=3m50s26ms).
2019-07-10 13:29:59.490  WARN 85669 --- [HikariPool-1 housekeeper] com.zaxxer.hikari.pool.HikariPool        : HikariPool-1 - Thread starvation or clock leap detected (housekeeper delta=51s58ms).
2019-07-10 13:33:25.425  WARN 85669 --- [HikariPool-1 housekeeper] com.zaxxer.hikari.pool.HikariPool        : HikariPool-1 - Thread starvation or clock leap detected (housekeeper delta=3m25s935ms).
2019-07-10 13:33:38.864  INFO 85669 --- [Thread-35] o.s.s.concurrent.ThreadPoolTaskExecutor  : Shutting down ExecutorService 'applicationTaskExecutor'
2019-07-10 13:33:38.894  INFO 85669 --- [Thread-35] j.LocalContainerEntityManagerFactoryBean : Closing JPA EntityManagerFactory for persistence unit 'default'
2019-07-10 13:33:38.935  INFO 85669 --- [Thread-35] .SchemaDropperImpl$DelayedDropActionImpl : HHH000477: Starting delayed evictData of schema as part of SessionFactory shut-down'
2019-07-10 13:33:40.671  INFO 85669 --- [Thread-35] o.s.b.f.support.DisposableBeanAdapter    : Invocation of destroy method failed on bean with name 'inMemoryDatabaseShutdownExecutor': org.h2.jdbc.JdbcSQLNonTransientConnectionException: Database is already closed (to disable automatic closing at VM shutdown, add ";DB_CLOSE_ON_EXIT=FALSE" to the db URL) [90121-199]
2019-07-10 13:33:40.678  INFO 85669 --- [Thread-35] com.zaxxer.hikari.HikariDataSource       : HikariPool-1 - Shutdown initiated...
2019-07-10 13:33:40.721  INFO 85669 --- [Thread-35] com.zaxxer.hikari.HikariDataSource       : HikariPool-1 - Shutdown completed.
